Determining if the system is big endian passed with the following output:
Change Dir: /home/ax/ownCloud/SS15/ETH/3DPhotography/AugmentedRealityChess/opencv-3.0.0-beta/build/CMakeFiles/CMakeTmp

Run Build Command:/usr/bin/make "cmTryCompileExec491414666/fast"
/usr/bin/make -f CMakeFiles/cmTryCompileExec491414666.dir/build.make CMakeFiles/cmTryCompileExec491414666.dir/build
make[1]: Entering directory `/home/ax/ownCloud/SS15/ETH/3DPhotography/AugmentedRealityChess/opencv-3.0.0-beta/build/CMakeFiles/CMakeTmp'
/usr/bin/cmake -E cmake_progress_report /home/ax/ownCloud/SS15/ETH/3DPhotography/AugmentedRealityChess/opencv-3.0.0-beta/build/CMakeFiles/CMakeTmp/CMakeFiles 1
Building C object CMakeFiles/cmTryCompileExec491414666.dir/TestEndianess.c.o
/usr/bin/cc   -fsigned-char -W -Wall -Werror=return-type -Werror=non-virtual-dtor -Werror=address -Werror=sequence-point -Wformat -Werror=format-security -Wmissing-declarations -Wmissing-prototypes -Wstrict-prototypes -Wundef -Winit-self -Wpointer-arith -Wshadow -Wno-narrowing -fdiagnostics-show-option -Wno-long-long -pthread -fomit-frame-pointer -msse -msse2 -msse3 -ffunction-sections -fvisibility=hidden  -O3 -DNDEBUG   -o CMakeFiles/cmTryCompileExec491414666.dir/TestEndianess.c.o   -c /home/ax/ownCloud/SS15/ETH/3DPhotography/AugmentedRealityChess/opencv-3.0.0-beta/build/CMakeFiles/CMakeTmp/TestEndianess.c
Linking C executable cmTryCompileExec491414666
/usr/bin/cmake -E cmake_link_script CMakeFiles/cmTryCompileExec491414666.dir/link.txt --verbose=1
/usr/bin/cc     -fsigned-char -W -Wall -Werror=return-type -Werror=non-virtual-dtor -Werror=address -Werror=sequence-point -Wformat -Werror=format-security -Wmissing-declarations -Wmissing-prototypes -Wstrict-prototypes -Wundef -Winit-self -Wpointer-arith -Wshadow -Wno-narrowing -fdiagnostics-show-option -Wno-long-long -pthread -fomit-frame-pointer -msse -msse2 -msse3 -ffunction-sections -fvisibility=hidden  -O3 -DNDEBUG    CMakeFiles/cmTryCompileExec491414666.dir/TestEndianess.c.o  -o cmTryCompileExec491414666 -rdynamic 
make[1]: Leaving directory `/home/ax/ownCloud/SS15/ETH/3DPhotography/AugmentedRealityChess/opencv-3.0.0-beta/build/CMakeFiles/CMakeTmp'

TestEndianess.c:
/* A 16 bit integer is required. */
typedef unsigned short cmakeint16;

/* On a little endian machine, these 16bit ints will give "THIS IS LITTLE ENDIAN."
   On a big endian machine the characters will be exchanged pairwise. */
const cmakeint16 info_little[] =  {0x4854, 0x5349, 0x4920, 0x2053, 0x494c, 0x5454, 0x454c, 0x4520, 0x444e, 0x4149, 0x2e4e, 0x0000};

/* on a big endian machine, these 16bit ints will give "THIS IS BIG ENDIAN."
   On a little endian machine the characters will be exchanged pairwise. */
const cmakeint16 info_big[] =     {0x5448, 0x4953, 0x2049, 0x5320, 0x4249, 0x4720, 0x454e, 0x4449, 0x414e, 0x2e2e, 0x0000};

#ifdef __CLASSIC_C__
int main(argc, argv) int argc; char *argv[];
#else
int main(int argc, char *argv[])
#endif
{
  int require = 0;
  require += info_little[argc];
  require += info_big[argc];
  (void)argv;
  return require;
}


Determining if the include file linux/videodev.h exists failed with the following output:
Change Dir: /home/ax/ownCloud/SS15/ETH/3DPhotography/AugmentedRealityChess/opencv-3.0.0-beta/build/CMakeFiles/CMakeTmp

Run Build Command:/usr/bin/make "cmTryCompileExec871380601/fast"
/usr/bin/make -f CMakeFiles/cmTryCompileExec871380601.dir/build.make CMakeFiles/cmTryCompileExec871380601.dir/build
make[1]: Entering directory `/home/ax/ownCloud/SS15/ETH/3DPhotography/AugmentedRealityChess/opencv-3.0.0-beta/build/CMakeFiles/CMakeTmp'
/usr/bin/cmake -E cmake_progress_report /home/ax/ownCloud/SS15/ETH/3DPhotography/AugmentedRealityChess/opencv-3.0.0-beta/build/CMakeFiles/CMakeTmp/CMakeFiles 1
Building C object CMakeFiles/cmTryCompileExec871380601.dir/CheckIncludeFile.c.o
/usr/bin/cc   -fsigned-char -W -Wall -Werror=return-type -Werror=non-virtual-dtor -Werror=address -Werror=sequence-point -Wformat -Werror=format-security -Wmissing-declarations -Wmissing-prototypes -Wstrict-prototypes -Wundef -Winit-self -Wpointer-arith -Wshadow -Wno-narrowing -fdiagnostics-show-option -Wno-long-long -pthread -fomit-frame-pointer -msse -msse2 -msse3 -ffunction-sections -fvisibility=hidden  -O3 -DNDEBUG   -o CMakeFiles/cmTryCompileExec871380601.dir/CheckIncludeFile.c.o   -c /home/ax/ownCloud/SS15/ETH/3DPhotography/AugmentedRealityChess/opencv-3.0.0-beta/build/CMakeFiles/CMakeTmp/CheckIncludeFile.c
/home/ax/ownCloud/SS15/ETH/3DPhotography/AugmentedRealityChess/opencv-3.0.0-beta/build/CMakeFiles/CMakeTmp/CheckIncludeFile.c:1:28: fatal error: linux/videodev.h: No such file or directory
 #include <linux/videodev.h>
                            ^
compilation terminated.
make[1]: Leaving directory `/home/ax/ownCloud/SS15/ETH/3DPhotography/AugmentedRealityChess/opencv-3.0.0-beta/build/CMakeFiles/CMakeTmp'
make[1]: *** [CMakeFiles/cmTryCompileExec871380601.dir/CheckIncludeFile.c.o] Error 1
make: *** [cmTryCompileExec871380601/fast] Error 2


Determining if the include file sys/videoio.h exists failed with the following output:
Change Dir: /home/ax/ownCloud/SS15/ETH/3DPhotography/AugmentedRealityChess/opencv-3.0.0-beta/build/CMakeFiles/CMakeTmp

Run Build Command:/usr/bin/make "cmTryCompileExec1230768732/fast"
/usr/bin/make -f CMakeFiles/cmTryCompileExec1230768732.dir/build.make CMakeFiles/cmTryCompileExec1230768732.dir/build
make[1]: Entering directory `/home/ax/ownCloud/SS15/ETH/3DPhotography/AugmentedRealityChess/opencv-3.0.0-beta/build/CMakeFiles/CMakeTmp'
/usr/bin/cmake -E cmake_progress_report /home/ax/ownCloud/SS15/ETH/3DPhotography/AugmentedRealityChess/opencv-3.0.0-beta/build/CMakeFiles/CMakeTmp/CMakeFiles 1
Building C object CMakeFiles/cmTryCompileExec1230768732.dir/CheckIncludeFile.c.o
/usr/bin/cc   -fsigned-char -W -Wall -Werror=return-type -Werror=non-virtual-dtor -Werror=address -Werror=sequence-point -Wformat -Werror=format-security -Wmissing-declarations -Wmissing-prototypes -Wstrict-prototypes -Wundef -Winit-self -Wpointer-arith -Wshadow -Wno-narrowing -fdiagnostics-show-option -Wno-long-long -pthread -fomit-frame-pointer -msse -msse2 -msse3 -ffunction-sections -fvisibility=hidden  -O3 -DNDEBUG   -o CMakeFiles/cmTryCompileExec1230768732.dir/CheckIncludeFile.c.o   -c /home/ax/ownCloud/SS15/ETH/3DPhotography/AugmentedRealityChess/opencv-3.0.0-beta/build/CMakeFiles/CMakeTmp/CheckIncludeFile.c
/home/ax/ownCloud/SS15/ETH/3DPhotography/AugmentedRealityChess/opencv-3.0.0-beta/build/CMakeFiles/CMakeTmp/CheckIncludeFile.c:1:25: fatal error: sys/videoio.h: No such file or directory
 #include <sys/videoio.h>
                         ^
compilation terminated.
make[1]: *** [CMakeFiles/cmTryCompileExec1230768732.dir/CheckIncludeFile.c.o] Error 1
make[1]: Leaving directory `/home/ax/ownCloud/SS15/ETH/3DPhotography/AugmentedRealityChess/opencv-3.0.0-beta/build/CMakeFiles/CMakeTmp'
make: *** [cmTryCompileExec1230768732/fast] Error 2


Determining if the include file ffmpeg/avformat.h exists failed with the following output:
Change Dir: /home/ax/ownCloud/SS15/ETH/3DPhotography/AugmentedRealityChess/opencv-3.0.0-beta/build/CMakeFiles/CMakeTmp

Run Build Command:/usr/bin/make "cmTryCompileExec2907576283/fast"
/usr/bin/make -f CMakeFiles/cmTryCompileExec2907576283.dir/build.make CMakeFiles/cmTryCompileExec2907576283.dir/build
make[1]: Entering directory `/home/ax/ownCloud/SS15/ETH/3DPhotography/AugmentedRealityChess/opencv-3.0.0-beta/build/CMakeFiles/CMakeTmp'
/usr/bin/cmake -E cmake_progress_report /home/ax/ownCloud/SS15/ETH/3DPhotography/AugmentedRealityChess/opencv-3.0.0-beta/build/CMakeFiles/CMakeTmp/CMakeFiles 1
Building C object CMakeFiles/cmTryCompileExec2907576283.dir/CheckIncludeFile.c.o
/usr/bin/cc   -fsigned-char -W -Wall -Werror=return-type -Werror=non-virtual-dtor -Werror=address -Werror=sequence-point -Wformat -Werror=format-security -Wmissing-declarations -Wmissing-prototypes -Wstrict-prototypes -Wundef -Winit-self -Wpointer-arith -Wshadow -Wno-narrowing -fdiagnostics-show-option -Wno-long-long -pthread -fomit-frame-pointer -msse -msse2 -msse3 -ffunction-sections -fvisibility=hidden  -O3 -DNDEBUG   -o CMakeFiles/cmTryCompileExec2907576283.dir/CheckIncludeFile.c.o   -c /home/ax/ownCloud/SS15/ETH/3DPhotography/AugmentedRealityChess/opencv-3.0.0-beta/build/CMakeFiles/CMakeTmp/CheckIncludeFile.c
/home/ax/ownCloud/SS15/ETH/3DPhotography/AugmentedRealityChess/opencv-3.0.0-beta/build/CMakeFiles/CMakeTmp/CheckIncludeFile.c:1:29: fatal error: ffmpeg/avformat.h: No such file or directory
 #include <ffmpeg/avformat.h>
                             ^
compilation terminated.
make[1]: *** [CMakeFiles/cmTryCompileExec2907576283.dir/CheckIncludeFile.c.o] Error 1
make[1]: Leaving directory `/home/ax/ownCloud/SS15/ETH/3DPhotography/AugmentedRealityChess/opencv-3.0.0-beta/build/CMakeFiles/CMakeTmp'
make: *** [cmTryCompileExec2907576283/fast] Error 2


Determining if the include file linux/videodev.h exists failed with the following output:
Change Dir: /home/ax/ownCloud/SS15/ETH/3DPhotography/AugmentedRealityChess/opencv-3.0.0-beta/build/CMakeFiles/CMakeTmp

Run Build Command:/usr/bin/make "cmTryCompileExec1341734641/fast"
/usr/bin/make -f CMakeFiles/cmTryCompileExec1341734641.dir/build.make CMakeFiles/cmTryCompileExec1341734641.dir/build
make[1]: Entering directory `/home/ax/ownCloud/SS15/ETH/3DPhotography/AugmentedRealityChess/opencv-3.0.0-beta/build/CMakeFiles/CMakeTmp'
/usr/bin/cmake -E cmake_progress_report /home/ax/ownCloud/SS15/ETH/3DPhotography/AugmentedRealityChess/opencv-3.0.0-beta/build/CMakeFiles/CMakeTmp/CMakeFiles 1
Building C object CMakeFiles/cmTryCompileExec1341734641.dir/CheckIncludeFile.c.o
/usr/bin/cc   -fsigned-char -W -Wall -Werror=return-type -Werror=non-virtual-dtor -Werror=address -Werror=sequence-point -Wformat -Werror=format-security -Wmissing-declarations -Wmissing-prototypes -Wstrict-prototypes -Wundef -Winit-self -Wpointer-arith -Wshadow -Wno-narrowing -fdiagnostics-show-option -Wno-long-long -pthread -fomit-frame-pointer -msse -msse2 -msse3 -ffunction-sections -fvisibility=hidden  -O3 -DNDEBUG   -o CMakeFiles/cmTryCompileExec1341734641.dir/CheckIncludeFile.c.o   -c /home/ax/ownCloud/SS15/ETH/3DPhotography/AugmentedRealityChess/opencv-3.0.0-beta/build/CMakeFiles/CMakeTmp/CheckIncludeFile.c
/home/ax/ownCloud/SS15/ETH/3DPhotography/AugmentedRealityChess/opencv-3.0.0-beta/build/CMakeFiles/CMakeTmp/CheckIncludeFile.c:1:28: fatal error: linux/videodev.h: No such file or directory
 #include <linux/videodev.h>
                            ^
compilation terminated.
make[1]: Leaving directory `/home/ax/ownCloud/SS15/ETH/3DPhotography/AugmentedRealityChess/opencv-3.0.0-beta/build/CMakeFiles/CMakeTmp'
make[1]: *** [CMakeFiles/cmTryCompileExec1341734641.dir/CheckIncludeFile.c.o] Error 1
make: *** [cmTryCompileExec1341734641/fast] Error 2


Determining if the include file sys/videoio.h exists failed with the following output:
Change Dir: /home/ax/ownCloud/SS15/ETH/3DPhotography/AugmentedRealityChess/opencv-3.0.0-beta/build/CMakeFiles/CMakeTmp

Run Build Command:/usr/bin/make "cmTryCompileExec272075394/fast"
/usr/bin/make -f CMakeFiles/cmTryCompileExec272075394.dir/build.make CMakeFiles/cmTryCompileExec272075394.dir/build
make[1]: Entering directory `/home/ax/ownCloud/SS15/ETH/3DPhotography/AugmentedRealityChess/opencv-3.0.0-beta/build/CMakeFiles/CMakeTmp'
/usr/bin/cmake -E cmake_progress_report /home/ax/ownCloud/SS15/ETH/3DPhotography/AugmentedRealityChess/opencv-3.0.0-beta/build/CMakeFiles/CMakeTmp/CMakeFiles 1
Building C object CMakeFiles/cmTryCompileExec272075394.dir/CheckIncludeFile.c.o
/usr/bin/cc   -fsigned-char -W -Wall -Werror=return-type -Werror=non-virtual-dtor -Werror=address -Werror=sequence-point -Wformat -Werror=format-security -Wmissing-declarations -Wmissing-prototypes -Wstrict-prototypes -Wundef -Winit-self -Wpointer-arith -Wshadow -Wno-narrowing -fdiagnostics-show-option -Wno-long-long -pthread -fomit-frame-pointer -msse -msse2 -msse3 -ffunction-sections -fvisibility=hidden  -O3 -DNDEBUG   -o CMakeFiles/cmTryCompileExec272075394.dir/CheckIncludeFile.c.o   -c /home/ax/ownCloud/SS15/ETH/3DPhotography/AugmentedRealityChess/opencv-3.0.0-beta/build/CMakeFiles/CMakeTmp/CheckIncludeFile.c
/home/ax/ownCloud/SS15/ETH/3DPhotography/AugmentedRealityChess/opencv-3.0.0-beta/build/CMakeFiles/CMakeTmp/CheckIncludeFile.c:1:25: fatal error: sys/videoio.h: No such file or directory
 #include <sys/videoio.h>
                         ^
compilation terminated.
make[1]: *** [CMakeFiles/cmTryCompileExec272075394.dir/CheckIncludeFile.c.o] Error 1
make[1]: Leaving directory `/home/ax/ownCloud/SS15/ETH/3DPhotography/AugmentedRealityChess/opencv-3.0.0-beta/build/CMakeFiles/CMakeTmp'
make: *** [cmTryCompileExec272075394/fast] Error 2


Determining if the include file ffmpeg/avformat.h exists failed with the following output:
Change Dir: /home/ax/ownCloud/SS15/ETH/3DPhotography/AugmentedRealityChess/opencv-3.0.0-beta/build/CMakeFiles/CMakeTmp

Run Build Command:/usr/bin/make "cmTryCompileExec1305334348/fast"
/usr/bin/make -f CMakeFiles/cmTryCompileExec1305334348.dir/build.make CMakeFiles/cmTryCompileExec1305334348.dir/build
make[1]: Entering directory `/home/ax/ownCloud/SS15/ETH/3DPhotography/AugmentedRealityChess/opencv-3.0.0-beta/build/CMakeFiles/CMakeTmp'
/usr/bin/cmake -E cmake_progress_report /home/ax/ownCloud/SS15/ETH/3DPhotography/AugmentedRealityChess/opencv-3.0.0-beta/build/CMakeFiles/CMakeTmp/CMakeFiles 1
Building C object CMakeFiles/cmTryCompileExec1305334348.dir/CheckIncludeFile.c.o
/usr/bin/cc   -fsigned-char -W -Wall -Werror=return-type -Werror=non-virtual-dtor -Werror=address -Werror=sequence-point -Wformat -Werror=format-security -Wmissing-declarations -Wmissing-prototypes -Wstrict-prototypes -Wundef -Winit-self -Wpointer-arith -Wshadow -Wno-narrowing -fdiagnostics-show-option -Wno-long-long -pthread -fomit-frame-pointer -msse -msse2 -msse3 -ffunction-sections -fvisibility=hidden  -O3 -DNDEBUG   -o CMakeFiles/cmTryCompileExec1305334348.dir/CheckIncludeFile.c.o   -c /home/ax/ownCloud/SS15/ETH/3DPhotography/AugmentedRealityChess/opencv-3.0.0-beta/build/CMakeFiles/CMakeTmp/CheckIncludeFile.c
/home/ax/ownCloud/SS15/ETH/3DPhotography/AugmentedRealityChess/opencv-3.0.0-beta/build/CMakeFiles/CMakeTmp/CheckIncludeFile.c:1:29: fatal error: ffmpeg/avformat.h: No such file or directory
 #include <ffmpeg/avformat.h>
                             ^
compilation terminated.
make[1]: *** [CMakeFiles/cmTryCompileExec1305334348.dir/CheckIncludeFile.c.o] Error 1
make[1]: Leaving directory `/home/ax/ownCloud/SS15/ETH/3DPhotography/AugmentedRealityChess/opencv-3.0.0-beta/build/CMakeFiles/CMakeTmp'
make: *** [cmTryCompileExec1305334348/fast] Error 2


